[2023-05-25 09:22:46:143] [DEBUG] - org.springframework.context.support.AbstractApplicationContext.prepareRefresh(AbstractApplicationContext.java:630) - Refreshing org.springframework.context.support.ClassPathXmlApplicationContext@33fe57a9
[2023-05-25 09:22:46:262] [DEBUG] - org.springframework.beans.factory.xml.XmlBeanDefinitionReader.doLoadBeanDefinitions(XmlBeanDefinitionReader.java:393) - Loaded 1 bean definitions from class path resource [bean-scope.xml]
[2023-05-25 09:22:46:290] [DEBUG] - org.springframework.beans.factory.support.DefaultSingletonBeanRegistry.getSingleton(DefaultSingletonBeanRegistry.java:225) - Creating shared instance of singleton bean 'orders'
[2023-05-25 09:23:05:059] [DEBUG] - org.springframework.context.support.AbstractApplicationContext.prepareRefresh(AbstractApplicationContext.java:630) - Refreshing org.springframework.context.support.ClassPathXmlApplicationContext@5adb0db3
[2023-05-25 09:23:05:194] [DEBUG] - org.springframework.beans.factory.xml.XmlBeanDefinitionReader.doLoadBeanDefinitions(XmlBeanDefinitionReader.java:393) - Loaded 1 bean definitions from class path resource [bean-scope.xml]
[2023-05-25 09:23:05:228] [DEBUG] - org.springframework.beans.factory.support.DefaultSingletonBeanRegistry.getSingleton(DefaultSingletonBeanRegistry.java:225) - Creating shared instance of singleton bean 'orders'
[2023-05-25 09:24:10:829] [DEBUG] - org.springframework.context.support.AbstractApplicationContext.prepareRefresh(AbstractApplicationContext.java:630) - Refreshing org.springframework.context.support.ClassPathXmlApplicationContext@5adb0db3
[2023-05-25 09:24:10:919] [DEBUG] - org.springframework.beans.factory.xml.XmlBeanDefinitionReader.doLoadBeanDefinitions(XmlBeanDefinitionReader.java:393) - Loaded 1 bean definitions from class path resource [bean-scope.xml]
[2023-05-25 09:24:10:937] [DEBUG] - org.springframework.beans.factory.support.DefaultSingletonBeanRegistry.getSingleton(DefaultSingletonBeanRegistry.java:225) - Creating shared instance of singleton bean 'orders'
[2023-05-25 09:24:44:189] [DEBUG] - org.springframework.context.support.AbstractApplicationContext.prepareRefresh(AbstractApplicationContext.java:630) - Refreshing org.springframework.context.support.ClassPathXmlApplicationContext@5adb0db3
[2023-05-25 09:24:44:293] [DEBUG] - org.springframework.beans.factory.xml.XmlBeanDefinitionReader.doLoadBeanDefinitions(XmlBeanDefinitionReader.java:393) - Loaded 1 bean definitions from class path resource [bean-scope.xml]
[2023-05-25 09:34:55:195] [DEBUG] - org.springframework.context.support.AbstractApplicationContext.prepareRefresh(AbstractApplicationContext.java:630) - Refreshing org.springframework.context.support.ClassPathXmlApplicationContext@5adb0db3
[2023-05-25 09:34:55:284] [DEBUG] - org.springframework.beans.factory.xml.XmlBeanDefinitionReader.doLoadBeanDefinitions(XmlBeanDefinitionReader.java:393) - Loaded 1 bean definitions from class path resource [bean-lifecycle.xml]
[2023-05-25 09:34:55:309] [DEBUG] - org.springframework.beans.factory.support.DefaultSingletonBeanRegistry.getSingleton(DefaultSingletonBeanRegistry.java:225) - Creating shared instance of singleton bean 'user'
[2023-05-25 09:40:43:250] [DEBUG] - org.springframework.context.support.AbstractApplicationContext.prepareRefresh(AbstractApplicationContext.java:630) - Refreshing org.springframework.context.support.ClassPathXmlApplicationContext@5adb0db3
[2023-05-25 09:40:43:346] [DEBUG] - org.springframework.beans.factory.xml.XmlBeanDefinitionReader.doLoadBeanDefinitions(XmlBeanDefinitionReader.java:393) - Loaded 1 bean definitions from class path resource [bean-lifecycle.xml]
[2023-05-25 09:40:43:364] [DEBUG] - org.springframework.beans.factory.support.DefaultSingletonBeanRegistry.getSingleton(DefaultSingletonBeanRegistry.java:225) - Creating shared instance of singleton bean 'user'
[2023-05-25 09:40:43:407] [DEBUG] - org.springframework.context.support.AbstractApplicationContext.doClose(AbstractApplicationContext.java:1029) - Closing org.springframework.context.support.ClassPathXmlApplicationContext@5adb0db3, started on Thu May 25 09:40:43 CST 2023
[2023-05-25 09:41:00:957] [DEBUG] - org.springframework.context.support.AbstractApplicationContext.prepareRefresh(AbstractApplicationContext.java:630) - Refreshing org.springframework.context.support.ClassPathXmlApplicationContext@5adb0db3
[2023-05-25 09:41:01:070] [DEBUG] - org.springframework.beans.factory.xml.XmlBeanDefinitionReader.doLoadBeanDefinitions(XmlBeanDefinitionReader.java:393) - Loaded 1 bean definitions from class path resource [bean-lifecycle.xml]
[2023-05-25 09:41:01:096] [DEBUG] - org.springframework.beans.factory.support.DefaultSingletonBeanRegistry.getSingleton(DefaultSingletonBeanRegistry.java:225) - Creating shared instance of singleton bean 'user'
[2023-05-25 09:41:01:137] [DEBUG] - org.springframework.context.support.AbstractApplicationContext.doClose(AbstractApplicationContext.java:1029) - Closing org.springframework.context.support.ClassPathXmlApplicationContext@5adb0db3, started on Thu May 25 09:41:00 CST 2023
[2023-05-25 09:47:54:752] [DEBUG] - org.springframework.context.support.AbstractApplicationContext.prepareRefresh(AbstractApplicationContext.java:630) - Refreshing org.springframework.context.support.ClassPathXmlApplicationContext@5adb0db3
[2023-05-25 09:47:54:840] [DEBUG] - org.springframework.beans.factory.xml.XmlBeanDefinitionReader.doLoadBeanDefinitions(XmlBeanDefinitionReader.java:393) - Loaded 2 bean definitions from class path resource [bean-lifecycle.xml]
[2023-05-25 09:47:54:863] [DEBUG] - org.springframework.beans.factory.support.DefaultSingletonBeanRegistry.getSingleton(DefaultSingletonBeanRegistry.java:225) - Creating shared instance of singleton bean 'myBeanProcessor'
[2023-05-25 09:47:54:873] [DEBUG] - org.springframework.beans.factory.support.DefaultSingletonBeanRegistry.getSingleton(DefaultSingletonBeanRegistry.java:225) - Creating shared instance of singleton bean 'user'
[2023-05-25 09:47:54:902] [DEBUG] - org.springframework.context.support.AbstractApplicationContext.doClose(AbstractApplicationContext.java:1029) - Closing org.springframework.context.support.ClassPathXmlApplicationContext@5adb0db3, started on Thu May 25 09:47:54 CST 2023
[2023-05-25 09:55:28:423] [DEBUG] - org.springframework.context.support.AbstractApplicationContext.prepareRefresh(AbstractApplicationContext.java:630) - Refreshing org.springframework.context.support.ClassPathXmlApplicationContext@5adb0db3
[2023-05-25 09:55:28:514] [DEBUG] - org.springframework.beans.factory.xml.XmlBeanDefinitionReader.doLoadBeanDefinitions(XmlBeanDefinitionReader.java:393) - Loaded 1 bean definitions from class path resource [bean-factorybean.xml]
[2023-05-25 09:55:28:546] [DEBUG] - org.springframework.beans.factory.support.DefaultSingletonBeanRegistry.getSingleton(DefaultSingletonBeanRegistry.java:225) - Creating shared instance of singleton bean 'user'
[2023-05-25 10:25:35:940] [DEBUG] - org.springframework.context.support.AbstractApplicationContext.prepareRefresh(AbstractApplicationContext.java:630) - Refreshing org.springframework.context.support.ClassPathXmlApplicationContext@3f270e0a
[2023-05-25 10:25:36:045] [DEBUG] - org.springframework.beans.factory.xml.XmlBeanDefinitionReader.doLoadBeanDefinitions(XmlBeanDefinitionReader.java:393) - Loaded 3 bean definitions from class path resource [bean-auto.xml]
[2023-05-25 10:25:36:088] [DEBUG] - org.springframework.beans.factory.support.DefaultSingletonBeanRegistry.getSingleton(DefaultSingletonBeanRegistry.java:225) - Creating shared instance of singleton bean 'userController'
[2023-05-25 10:25:36:120] [DEBUG] - org.springframework.beans.factory.support.DefaultSingletonBeanRegistry.getSingleton(DefaultSingletonBeanRegistry.java:225) - Creating shared instance of singleton bean 'userService'
[2023-05-25 10:25:36:122] [DEBUG] - org.springframework.beans.factory.support.DefaultSingletonBeanRegistry.getSingleton(DefaultSingletonBeanRegistry.java:225) - Creating shared instance of singleton bean 'uesrDao'
[2023-05-25 10:27:26:814] [DEBUG] - org.springframework.context.support.AbstractApplicationContext.prepareRefresh(AbstractApplicationContext.java:630) - Refreshing org.springframework.context.support.ClassPathXmlApplicationContext@3f270e0a
[2023-05-25 10:27:26:904] [DEBUG] - org.springframework.beans.factory.xml.XmlBeanDefinitionReader.doLoadBeanDefinitions(XmlBeanDefinitionReader.java:393) - Loaded 3 bean definitions from class path resource [bean-auto.xml]
[2023-05-25 10:27:26:933] [DEBUG] - org.springframework.beans.factory.support.DefaultSingletonBeanRegistry.getSingleton(DefaultSingletonBeanRegistry.java:225) - Creating shared instance of singleton bean 'userController'
[2023-05-25 10:27:26:957] [DEBUG] - org.springframework.beans.factory.support.DefaultSingletonBeanRegistry.getSingleton(DefaultSingletonBeanRegistry.java:225) - Creating shared instance of singleton bean 'userService'
[2023-05-25 10:27:26:958] [DEBUG] - org.springframework.beans.factory.support.DefaultSingletonBeanRegistry.getSingleton(DefaultSingletonBeanRegistry.java:225) - Creating shared instance of singleton bean 'uesrDao'
[2023-05-25 10:29:54:377] [DEBUG] - org.springframework.context.support.AbstractApplicationContext.prepareRefresh(AbstractApplicationContext.java:630) - Refreshing org.springframework.context.support.ClassPathXmlApplicationContext@3f270e0a
[2023-05-25 10:29:54:496] [DEBUG] - org.springframework.beans.factory.xml.XmlBeanDefinitionReader.doLoadBeanDefinitions(XmlBeanDefinitionReader.java:393) - Loaded 3 bean definitions from class path resource [bean-auto.xml]
[2023-05-25 10:29:54:517] [DEBUG] - org.springframework.beans.factory.support.DefaultSingletonBeanRegistry.getSingleton(DefaultSingletonBeanRegistry.java:225) - Creating shared instance of singleton bean 'userController'
[2023-05-25 10:29:54:541] [DEBUG] - org.springframework.beans.factory.support.DefaultSingletonBeanRegistry.getSingleton(DefaultSingletonBeanRegistry.java:225) - Creating shared instance of singleton bean 'userService'
[2023-05-25 10:29:54:546] [DEBUG] - org.springframework.beans.factory.support.DefaultSingletonBeanRegistry.getSingleton(DefaultSingletonBeanRegistry.java:225) - Creating shared instance of singleton bean 'uesrDao'
[2023-05-25 10:33:24:249] [DEBUG] - org.springframework.context.support.AbstractApplicationContext.prepareRefresh(AbstractApplicationContext.java:630) - Refreshing org.springframework.context.support.ClassPathXmlApplicationContext@3f270e0a
[2023-05-25 10:33:24:339] [DEBUG] - org.springframework.beans.factory.xml.XmlBeanDefinitionReader.doLoadBeanDefinitions(XmlBeanDefinitionReader.java:393) - Loaded 3 bean definitions from class path resource [bean-auto.xml]
[2023-05-25 10:33:24:360] [DEBUG] - org.springframework.beans.factory.support.DefaultSingletonBeanRegistry.getSingleton(DefaultSingletonBeanRegistry.java:225) - Creating shared instance of singleton bean 'userController'
[2023-05-25 10:33:24:381] [DEBUG] - org.springframework.beans.factory.support.DefaultSingletonBeanRegistry.getSingleton(DefaultSingletonBeanRegistry.java:225) - Creating shared instance of singleton bean 'userService'
[2023-05-25 10:33:24:382] [DEBUG] - org.springframework.beans.factory.support.DefaultSingletonBeanRegistry.getSingleton(DefaultSingletonBeanRegistry.java:225) - Creating shared instance of singleton bean 'userDao'
[2023-05-25 11:03:15:327] [DEBUG] - org.springframework.context.support.AbstractApplicationContext.prepareRefresh(AbstractApplicationContext.java:630) - Refreshing org.springframework.context.support.ClassPathXmlApplicationContext@4982cc36
[2023-05-25 11:03:15:486] [DEBUG] - org.springframework.context.annotation.ClassPathScanningCandidateComponentProvider.scanCandidateComponents(ClassPathScanningCandidateComponentProvider.java:440) - Identified candidate component class: file [D:\atguiguProject\spring6-ioc-annotation\target\classes\com\atguigu\spring6\bean\User.class]
[2023-05-25 11:03:15:500] [DEBUG] - org.springframework.beans.factory.xml.XmlBeanDefinitionReader.doLoadBeanDefinitions(XmlBeanDefinitionReader.java:393) - Loaded 5 bean definitions from class path resource [bean.xml]
[2023-05-25 11:03:15:511] [DEBUG] - org.springframework.beans.factory.support.DefaultSingletonBeanRegistry.getSingleton(DefaultSingletonBeanRegistry.java:225) - Creating shared instance of singleton bean 'org.springframework.context.annotation.internalConfigurationAnnotationProcessor'
[2023-05-25 11:03:15:534] [DEBUG] - org.springframework.beans.factory.support.DefaultSingletonBeanRegistry.getSingleton(DefaultSingletonBeanRegistry.java:225) - Creating shared instance of singleton bean 'org.springframework.context.event.internalEventListenerProcessor'
[2023-05-25 11:03:15:536] [DEBUG] - org.springframework.beans.factory.support.DefaultSingletonBeanRegistry.getSingleton(DefaultSingletonBeanRegistry.java:225) - Creating shared instance of singleton bean 'org.springframework.context.event.internalEventListenerFactory'
[2023-05-25 11:03:15:536] [DEBUG] - org.springframework.beans.factory.support.DefaultSingletonBeanRegistry.getSingleton(DefaultSingletonBeanRegistry.java:225) - Creating shared instance of singleton bean 'org.springframework.context.annotation.internalAutowiredAnnotationProcessor'
[2023-05-25 11:03:15:540] [DEBUG] - org.springframework.beans.factory.support.DefaultSingletonBeanRegistry.getSingleton(DefaultSingletonBeanRegistry.java:225) - Creating shared instance of singleton bean 'user'
[2023-05-25 11:14:31:362] [DEBUG] - org.springframework.context.support.AbstractApplicationContext.prepareRefresh(AbstractApplicationContext.java:630) - Refreshing org.springframework.context.support.ClassPathXmlApplicationContext@4982cc36
[2023-05-25 11:14:31:578] [DEBUG] - org.springframework.context.annotation.ClassPathScanningCandidateComponentProvider.scanCandidateComponents(ClassPathScanningCandidateComponentProvider.java:440) - Identified candidate component class: file [D:\atguiguProject\spring6-ioc-annotation\target\classes\com\atguigu\spring6\autowired\controller\UserController.class]
[2023-05-25 11:14:31:595] [DEBUG] - org.springframework.context.annotation.ClassPathScanningCandidateComponentProvider.scanCandidateComponents(ClassPathScanningCandidateComponentProvider.java:440) - Identified candidate component class: file [D:\atguiguProject\spring6-ioc-annotation\target\classes\com\atguigu\spring6\autowired\dao\UserDaoImpl.class]
[2023-05-25 11:14:31:615] [DEBUG] - org.springframework.context.annotation.ClassPathScanningCandidateComponentProvider.scanCandidateComponents(ClassPathScanningCandidateComponentProvider.java:440) - Identified candidate component class: file [D:\atguiguProject\spring6-ioc-annotation\target\classes\com\atguigu\spring6\autowired\service\UserServiceImpl.class]
[2023-05-25 11:14:31:627] [DEBUG] - org.springframework.context.annotation.ClassPathScanningCandidateComponentProvider.scanCandidateComponents(ClassPathScanningCandidateComponentProvider.java:440) - Identified candidate component class: file [D:\atguiguProject\spring6-ioc-annotation\target\classes\com\atguigu\spring6\bean\User.class]
[2023-05-25 11:14:31:645] [DEBUG] - org.springframework.beans.factory.xml.XmlBeanDefinitionReader.doLoadBeanDefinitions(XmlBeanDefinitionReader.java:393) - Loaded 8 bean definitions from class path resource [bean.xml]
[2023-05-25 11:14:31:658] [DEBUG] - org.springframework.beans.factory.support.DefaultSingletonBeanRegistry.getSingleton(DefaultSingletonBeanRegistry.java:225) - Creating shared instance of singleton bean 'org.springframework.context.annotation.internalConfigurationAnnotationProcessor'
[2023-05-25 11:14:31:681] [DEBUG] - org.springframework.beans.factory.support.DefaultSingletonBeanRegistry.getSingleton(DefaultSingletonBeanRegistry.java:225) - Creating shared instance of singleton bean 'org.springframework.context.event.internalEventListenerProcessor'
[2023-05-25 11:14:31:683] [DEBUG] - org.springframework.beans.factory.support.DefaultSingletonBeanRegistry.getSingleton(DefaultSingletonBeanRegistry.java:225) - Creating shared instance of singleton bean 'org.springframework.context.event.internalEventListenerFactory'
[2023-05-25 11:14:31:683] [DEBUG] - org.springframework.beans.factory.support.DefaultSingletonBeanRegistry.getSingleton(DefaultSingletonBeanRegistry.java:225) - Creating shared instance of singleton bean 'org.springframework.context.annotation.internalAutowiredAnnotationProcessor'
[2023-05-25 11:14:31:687] [DEBUG] - org.springframework.beans.factory.support.DefaultSingletonBeanRegistry.getSingleton(DefaultSingletonBeanRegistry.java:225) - Creating shared instance of singleton bean 'userController'
[2023-05-25 11:14:31:697] [DEBUG] - org.springframework.beans.factory.support.DefaultSingletonBeanRegistry.getSingleton(DefaultSingletonBeanRegistry.java:225) - Creating shared instance of singleton bean 'userServiceImpl'
[2023-05-25 11:14:31:698] [DEBUG] - org.springframework.beans.factory.support.DefaultSingletonBeanRegistry.getSingleton(DefaultSingletonBeanRegistry.java:225) - Creating shared instance of singleton bean 'userDaoImpl'
[2023-05-25 11:14:31:699] [DEBUG] - org.springframework.beans.factory.support.DefaultSingletonBeanRegistry.getSingleton(DefaultSingletonBeanRegistry.java:225) - Creating shared instance of singleton bean 'user'
[2023-05-25 11:20:40:372] [DEBUG] - org.springframework.context.support.AbstractApplicationContext.prepareRefresh(AbstractApplicationContext.java:630) - Refreshing org.springframework.context.support.ClassPathXmlApplicationContext@4982cc36
[2023-05-25 11:20:40:526] [DEBUG] - org.springframework.context.annotation.ClassPathScanningCandidateComponentProvider.scanCandidateComponents(ClassPathScanningCandidateComponentProvider.java:440) - Identified candidate component class: file [D:\atguiguProject\spring6-ioc-annotation\target\classes\com\atguigu\spring6\autowired\controller\UserController.class]
[2023-05-25 11:20:40:528] [DEBUG] - org.springframework.context.annotation.ClassPathScanningCandidateComponentProvider.scanCandidateComponents(ClassPathScanningCandidateComponentProvider.java:440) - Identified candidate component class: file [D:\atguiguProject\spring6-ioc-annotation\target\classes\com\atguigu\spring6\autowired\dao\UserDaoImpl.class]
[2023-05-25 11:20:40:534] [DEBUG] - org.springframework.context.annotation.ClassPathScanningCandidateComponentProvider.scanCandidateComponents(ClassPathScanningCandidateComponentProvider.java:440) - Identified candidate component class: file [D:\atguiguProject\spring6-ioc-annotation\target\classes\com\atguigu\spring6\autowired\service\UserServiceImpl.class]
[2023-05-25 11:20:40:536] [DEBUG] - org.springframework.context.annotation.ClassPathScanningCandidateComponentProvider.scanCandidateComponents(ClassPathScanningCandidateComponentProvider.java:440) - Identified candidate component class: file [D:\atguiguProject\spring6-ioc-annotation\target\classes\com\atguigu\spring6\bean\User.class]
[2023-05-25 11:20:40:548] [DEBUG] - org.springframework.beans.factory.xml.XmlBeanDefinitionReader.doLoadBeanDefinitions(XmlBeanDefinitionReader.java:393) - Loaded 8 bean definitions from class path resource [bean.xml]
[2023-05-25 11:20:40:562] [DEBUG] - org.springframework.beans.factory.support.DefaultSingletonBeanRegistry.getSingleton(DefaultSingletonBeanRegistry.java:225) - Creating shared instance of singleton bean 'org.springframework.context.annotation.internalConfigurationAnnotationProcessor'
[2023-05-25 11:20:40:583] [DEBUG] - org.springframework.beans.factory.support.DefaultSingletonBeanRegistry.getSingleton(DefaultSingletonBeanRegistry.java:225) - Creating shared instance of singleton bean 'org.springframework.context.event.internalEventListenerProcessor'
[2023-05-25 11:20:40:584] [DEBUG] - org.springframework.beans.factory.support.DefaultSingletonBeanRegistry.getSingleton(DefaultSingletonBeanRegistry.java:225) - Creating shared instance of singleton bean 'org.springframework.context.event.internalEventListenerFactory'
[2023-05-25 11:20:40:585] [DEBUG] - org.springframework.beans.factory.support.DefaultSingletonBeanRegistry.getSingleton(DefaultSingletonBeanRegistry.java:225) - Creating shared instance of singleton bean 'org.springframework.context.annotation.internalAutowiredAnnotationProcessor'
[2023-05-25 11:20:40:589] [DEBUG] - org.springframework.beans.factory.support.DefaultSingletonBeanRegistry.getSingleton(DefaultSingletonBeanRegistry.java:225) - Creating shared instance of singleton bean 'userController'
[2023-05-25 11:20:40:597] [DEBUG] - org.springframework.beans.factory.support.DefaultSingletonBeanRegistry.getSingleton(DefaultSingletonBeanRegistry.java:225) - Creating shared instance of singleton bean 'userServiceImpl'
[2023-05-25 11:20:40:597] [DEBUG] - org.springframework.beans.factory.support.DefaultSingletonBeanRegistry.getSingleton(DefaultSingletonBeanRegistry.java:225) - Creating shared instance of singleton bean 'userDaoImpl'
[2023-05-25 11:20:40:599] [DEBUG] - org.springframework.beans.factory.support.DefaultSingletonBeanRegistry.getSingleton(DefaultSingletonBeanRegistry.java:225) - Creating shared instance of singleton bean 'user'
[2023-05-25 11:22:48:034] [DEBUG] - org.springframework.context.support.AbstractApplicationContext.prepareRefresh(AbstractApplicationContext.java:630) - Refreshing org.springframework.context.support.ClassPathXmlApplicationContext@4982cc36
[2023-05-25 11:22:48:178] [DEBUG] - org.springframework.context.annotation.ClassPathScanningCandidateComponentProvider.scanCandidateComponents(ClassPathScanningCandidateComponentProvider.java:440) - Identified candidate component class: file [D:\atguiguProject\spring6-ioc-annotation\target\classes\com\atguigu\spring6\autowired\controller\UserController.class]
[2023-05-25 11:22:48:180] [DEBUG] - org.springframework.context.annotation.ClassPathScanningCandidateComponentProvider.scanCandidateComponents(ClassPathScanningCandidateComponentProvider.java:440) - Identified candidate component class: file [D:\atguiguProject\spring6-ioc-annotation\target\classes\com\atguigu\spring6\autowired\dao\UserDaoImpl.class]
[2023-05-25 11:22:48:188] [DEBUG] - org.springframework.context.annotation.ClassPathScanningCandidateComponentProvider.scanCandidateComponents(ClassPathScanningCandidateComponentProvider.java:440) - Identified candidate component class: file [D:\atguiguProject\spring6-ioc-annotation\target\classes\com\atguigu\spring6\autowired\service\UserServiceImpl.class]
[2023-05-25 11:22:48:190] [DEBUG] - org.springframework.context.annotation.ClassPathScanningCandidateComponentProvider.scanCandidateComponents(ClassPathScanningCandidateComponentProvider.java:440) - Identified candidate component class: file [D:\atguiguProject\spring6-ioc-annotation\target\classes\com\atguigu\spring6\bean\User.class]
[2023-05-25 11:22:48:204] [DEBUG] - org.springframework.beans.factory.xml.XmlBeanDefinitionReader.doLoadBeanDefinitions(XmlBeanDefinitionReader.java:393) - Loaded 8 bean definitions from class path resource [bean.xml]
[2023-05-25 11:22:48:217] [DEBUG] - org.springframework.beans.factory.support.DefaultSingletonBeanRegistry.getSingleton(DefaultSingletonBeanRegistry.java:225) - Creating shared instance of singleton bean 'org.springframework.context.annotation.internalConfigurationAnnotationProcessor'
[2023-05-25 11:22:48:239] [DEBUG] - org.springframework.beans.factory.support.DefaultSingletonBeanRegistry.getSingleton(DefaultSingletonBeanRegistry.java:225) - Creating shared instance of singleton bean 'org.springframework.context.event.internalEventListenerProcessor'
[2023-05-25 11:22:48:241] [DEBUG] - org.springframework.beans.factory.support.DefaultSingletonBeanRegistry.getSingleton(DefaultSingletonBeanRegistry.java:225) - Creating shared instance of singleton bean 'org.springframework.context.event.internalEventListenerFactory'
[2023-05-25 11:22:48:242] [DEBUG] - org.springframework.beans.factory.support.DefaultSingletonBeanRegistry.getSingleton(DefaultSingletonBeanRegistry.java:225) - Creating shared instance of singleton bean 'org.springframework.context.annotation.internalAutowiredAnnotationProcessor'
[2023-05-25 11:22:48:246] [DEBUG] - org.springframework.beans.factory.support.DefaultSingletonBeanRegistry.getSingleton(DefaultSingletonBeanRegistry.java:225) - Creating shared instance of singleton bean 'userController'
[2023-05-25 11:22:48:254] [WARN] - org.springframework.core.LocalVariableTableParameterNameDiscoverer.inspectClass(LocalVariableTableParameterNameDiscoverer.java:123) - Using deprecated '-debug' fallback for parameter name resolution. Compile the affected code with '-parameters' instead or avoid its introspection: com.atguigu.spring6.autowired.controller.UserController
[2023-05-25 11:22:48:260] [DEBUG] - org.springframework.beans.factory.support.DefaultSingletonBeanRegistry.getSingleton(DefaultSingletonBeanRegistry.java:225) - Creating shared instance of singleton bean 'userServiceImpl'
[2023-05-25 11:22:48:261] [WARN] - org.springframework.core.LocalVariableTableParameterNameDiscoverer.inspectClass(LocalVariableTableParameterNameDiscoverer.java:123) - Using deprecated '-debug' fallback for parameter name resolution. Compile the affected code with '-parameters' instead or avoid its introspection: com.atguigu.spring6.autowired.service.UserServiceImpl
[2023-05-25 11:22:48:262] [DEBUG] - org.springframework.beans.factory.support.DefaultSingletonBeanRegistry.getSingleton(DefaultSingletonBeanRegistry.java:225) - Creating shared instance of singleton bean 'userDaoImpl'
[2023-05-25 11:22:48:264] [DEBUG] - org.springframework.beans.factory.support.ConstructorResolver.createArgumentArray(ConstructorResolver.java:801) - Autowiring by type from bean name 'userServiceImpl' via constructor to bean named 'userDaoImpl'
[2023-05-25 11:22:48:265] [DEBUG] - org.springframework.beans.factory.support.ConstructorResolver.createArgumentArray(ConstructorResolver.java:801) - Autowiring by type from bean name 'userController' via constructor to bean named 'userServiceImpl'
[2023-05-25 11:22:48:267] [DEBUG] - org.springframework.beans.factory.support.DefaultSingletonBeanRegistry.getSingleton(DefaultSingletonBeanRegistry.java:225) - Creating shared instance of singleton bean 'user'
[2023-05-25 11:25:21:600] [DEBUG] - org.springframework.context.support.AbstractApplicationContext.prepareRefresh(AbstractApplicationContext.java:630) - Refreshing org.springframework.context.support.ClassPathXmlApplicationContext@4982cc36
[2023-05-25 11:25:21:756] [DEBUG] - org.springframework.context.annotation.ClassPathScanningCandidateComponentProvider.scanCandidateComponents(ClassPathScanningCandidateComponentProvider.java:440) - Identified candidate component class: file [D:\atguiguProject\spring6-ioc-annotation\target\classes\com\atguigu\spring6\autowired\controller\UserController.class]
[2023-05-25 11:25:21:758] [DEBUG] - org.springframework.context.annotation.ClassPathScanningCandidateComponentProvider.scanCandidateComponents(ClassPathScanningCandidateComponentProvider.java:440) - Identified candidate component class: file [D:\atguiguProject\spring6-ioc-annotation\target\classes\com\atguigu\spring6\autowired\dao\UserDaoImpl.class]
[2023-05-25 11:25:21:765] [DEBUG] - org.springframework.context.annotation.ClassPathScanningCandidateComponentProvider.scanCandidateComponents(ClassPathScanningCandidateComponentProvider.java:440) - Identified candidate component class: file [D:\atguiguProject\spring6-ioc-annotation\target\classes\com\atguigu\spring6\autowired\service\UserServiceImpl.class]
[2023-05-25 11:25:21:768] [DEBUG] - org.springframework.context.annotation.ClassPathScanningCandidateComponentProvider.scanCandidateComponents(ClassPathScanningCandidateComponentProvider.java:440) - Identified candidate component class: file [D:\atguiguProject\spring6-ioc-annotation\target\classes\com\atguigu\spring6\bean\User.class]
[2023-05-25 11:25:21:782] [DEBUG] - org.springframework.beans.factory.xml.XmlBeanDefinitionReader.doLoadBeanDefinitions(XmlBeanDefinitionReader.java:393) - Loaded 8 bean definitions from class path resource [bean.xml]
[2023-05-25 11:25:21:794] [DEBUG] - org.springframework.beans.factory.support.DefaultSingletonBeanRegistry.getSingleton(DefaultSingletonBeanRegistry.java:225) - Creating shared instance of singleton bean 'org.springframework.context.annotation.internalConfigurationAnnotationProcessor'
[2023-05-25 11:25:21:815] [DEBUG] - org.springframework.beans.factory.support.DefaultSingletonBeanRegistry.getSingleton(DefaultSingletonBeanRegistry.java:225) - Creating shared instance of singleton bean 'org.springframework.context.event.internalEventListenerProcessor'
[2023-05-25 11:25:21:817] [DEBUG] - org.springframework.beans.factory.support.DefaultSingletonBeanRegistry.getSingleton(DefaultSingletonBeanRegistry.java:225) - Creating shared instance of singleton bean 'org.springframework.context.event.internalEventListenerFactory'
[2023-05-25 11:25:21:818] [DEBUG] - org.springframework.beans.factory.support.DefaultSingletonBeanRegistry.getSingleton(DefaultSingletonBeanRegistry.java:225) - Creating shared instance of singleton bean 'org.springframework.context.annotation.internalAutowiredAnnotationProcessor'
[2023-05-25 11:25:21:821] [DEBUG] - org.springframework.beans.factory.support.DefaultSingletonBeanRegistry.getSingleton(DefaultSingletonBeanRegistry.java:225) - Creating shared instance of singleton bean 'userController'
[2023-05-25 11:25:21:828] [WARN] - org.springframework.core.LocalVariableTableParameterNameDiscoverer.inspectClass(LocalVariableTableParameterNameDiscoverer.java:123) - Using deprecated '-debug' fallback for parameter name resolution. Compile the affected code with '-parameters' instead or avoid its introspection: com.atguigu.spring6.autowired.controller.UserController
[2023-05-25 11:25:21:835] [DEBUG] - org.springframework.beans.factory.support.DefaultSingletonBeanRegistry.getSingleton(DefaultSingletonBeanRegistry.java:225) - Creating shared instance of singleton bean 'userServiceImpl'
[2023-05-25 11:25:21:835] [WARN] - org.springframework.core.LocalVariableTableParameterNameDiscoverer.inspectClass(LocalVariableTableParameterNameDiscoverer.java:123) - Using deprecated '-debug' fallback for parameter name resolution. Compile the affected code with '-parameters' instead or avoid its introspection: com.atguigu.spring6.autowired.service.UserServiceImpl
[2023-05-25 11:25:21:836] [DEBUG] - org.springframework.beans.factory.support.DefaultSingletonBeanRegistry.getSingleton(DefaultSingletonBeanRegistry.java:225) - Creating shared instance of singleton bean 'userDaoImpl'
[2023-05-25 11:25:21:839] [DEBUG] - org.springframework.beans.factory.support.ConstructorResolver.createArgumentArray(ConstructorResolver.java:801) - Autowiring by type from bean name 'userServiceImpl' via constructor to bean named 'userDaoImpl'
[2023-05-25 11:25:21:840] [DEBUG] - org.springframework.beans.factory.support.ConstructorResolver.createArgumentArray(ConstructorResolver.java:801) - Autowiring by type from bean name 'userController' via constructor to bean named 'userServiceImpl'
[2023-05-25 11:25:21:840] [DEBUG] - org.springframework.beans.factory.support.DefaultSingletonBeanRegistry.getSingleton(DefaultSingletonBeanRegistry.java:225) - Creating shared instance of singleton bean 'user'
[2023-05-25 11:32:43:601] [DEBUG] - org.springframework.context.support.AbstractApplicationContext.prepareRefresh(AbstractApplicationContext.java:630) - Refreshing org.springframework.context.support.ClassPathXmlApplicationContext@4982cc36
[2023-05-25 11:32:43:771] [DEBUG] - org.springframework.context.annotation.ClassPathScanningCandidateComponentProvider.scanCandidateComponents(ClassPathScanningCandidateComponentProvider.java:440) - Identified candidate component class: file [D:\atguiguProject\spring6-ioc-annotation\target\classes\com\atguigu\spring6\autowired\controller\UserController.class]
[2023-05-25 11:32:43:781] [DEBUG] - org.springframework.context.annotation.ClassPathScanningCandidateComponentProvider.scanCandidateComponents(ClassPathScanningCandidateComponentProvider.java:440) - Identified candidate component class: file [D:\atguiguProject\spring6-ioc-annotation\target\classes\com\atguigu\spring6\autowired\dao\UserDaoImpl.class]
[2023-05-25 11:32:43:786] [DEBUG] - org.springframework.context.annotation.ClassPathScanningCandidateComponentProvider.scanCandidateComponents(ClassPathScanningCandidateComponentProvider.java:440) - Identified candidate component class: file [D:\atguiguProject\spring6-ioc-annotation\target\classes\com\atguigu\spring6\autowired\dao\UserRedisDaoImpl.class]
[2023-05-25 11:32:43:788] [DEBUG] - org.springframework.context.annotation.ClassPathScanningCandidateComponentProvider.scanCandidateComponents(ClassPathScanningCandidateComponentProvider.java:440) - Identified candidate component class: file [D:\atguiguProject\spring6-ioc-annotation\target\classes\com\atguigu\spring6\autowired\service\UserServiceImpl.class]
[2023-05-25 11:32:43:790] [DEBUG] - org.springframework.context.annotation.ClassPathScanningCandidateComponentProvider.scanCandidateComponents(ClassPathScanningCandidateComponentProvider.java:440) - Identified candidate component class: file [D:\atguiguProject\spring6-ioc-annotation\target\classes\com\atguigu\spring6\bean\User.class]
[2023-05-25 11:32:43:802] [DEBUG] - org.springframework.beans.factory.xml.XmlBeanDefinitionReader.doLoadBeanDefinitions(XmlBeanDefinitionReader.java:393) - Loaded 9 bean definitions from class path resource [bean.xml]
[2023-05-25 11:32:43:817] [DEBUG] - org.springframework.beans.factory.support.DefaultSingletonBeanRegistry.getSingleton(DefaultSingletonBeanRegistry.java:225) - Creating shared instance of singleton bean 'org.springframework.context.annotation.internalConfigurationAnnotationProcessor'
[2023-05-25 11:32:43:844] [DEBUG] - org.springframework.beans.factory.support.DefaultSingletonBeanRegistry.getSingleton(DefaultSingletonBeanRegistry.java:225) - Creating shared instance of singleton bean 'org.springframework.context.event.internalEventListenerProcessor'
[2023-05-25 11:32:43:846] [DEBUG] - org.springframework.beans.factory.support.DefaultSingletonBeanRegistry.getSingleton(DefaultSingletonBeanRegistry.java:225) - Creating shared instance of singleton bean 'org.springframework.context.event.internalEventListenerFactory'
[2023-05-25 11:32:43:849] [DEBUG] - org.springframework.beans.factory.support.DefaultSingletonBeanRegistry.getSingleton(DefaultSingletonBeanRegistry.java:225) - Creating shared instance of singleton bean 'org.springframework.context.annotation.internalAutowiredAnnotationProcessor'
[2023-05-25 11:32:43:855] [DEBUG] - org.springframework.beans.factory.support.DefaultSingletonBeanRegistry.getSingleton(DefaultSingletonBeanRegistry.java:225) - Creating shared instance of singleton bean 'userController'
[2023-05-25 11:32:43:864] [WARN] - org.springframework.core.LocalVariableTableParameterNameDiscoverer.inspectClass(LocalVariableTableParameterNameDiscoverer.java:123) - Using deprecated '-debug' fallback for parameter name resolution. Compile the affected code with '-parameters' instead or avoid its introspection: com.atguigu.spring6.autowired.controller.UserController
[2023-05-25 11:32:43:868] [DEBUG] - org.springframework.beans.factory.support.DefaultSingletonBeanRegistry.getSingleton(DefaultSingletonBeanRegistry.java:225) - Creating shared instance of singleton bean 'userServiceImpl'
[2023-05-25 11:32:43:870] [WARN] - org.springframework.core.LocalVariableTableParameterNameDiscoverer.inspectClass(LocalVariableTableParameterNameDiscoverer.java:123) - Using deprecated '-debug' fallback for parameter name resolution. Compile the affected code with '-parameters' instead or avoid its introspection: com.atguigu.spring6.autowired.service.UserServiceImpl
[2023-05-25 11:32:43:879] [WARN] - org.springframework.context.support.AbstractApplicationContext.refresh(AbstractApplicationContext.java:592) - Exception encountered during context initialization - cancelling refresh attempt: org.springframework.beans.factory.UnsatisfiedDependencyException: Error creating bean with name 'userController' defined in file [D:\atguiguProject\spring6-ioc-annotation\target\classes\com\atguigu\spring6\autowired\controller\UserController.class]: Unsatisfied dependency expressed through constructor parameter 0: Error creating bean with name 'userServiceImpl' defined in file [D:\atguiguProject\spring6-ioc-annotation\target\classes\com\atguigu\spring6\autowired\service\UserServiceImpl.class]: Unsatisfied dependency expressed through constructor parameter 0: No qualifying bean of type 'com.atguigu.spring6.autowired.dao.UserDao' available: expected single matching bean but found 2: userDaoImpl,userRedisDaoImpl
[2023-05-25 11:36:30:544] [DEBUG] - org.springframework.context.support.AbstractApplicationContext.prepareRefresh(AbstractApplicationContext.java:630) - Refreshing org.springframework.context.support.ClassPathXmlApplicationContext@4982cc36
[2023-05-25 11:36:30:719] [DEBUG] - org.springframework.context.annotation.ClassPathScanningCandidateComponentProvider.scanCandidateComponents(ClassPathScanningCandidateComponentProvider.java:440) - Identified candidate component class: file [D:\atguiguProject\spring6-ioc-annotation\target\classes\com\atguigu\spring6\autowired\controller\UserController.class]
[2023-05-25 11:36:30:722] [DEBUG] - org.springframework.context.annotation.ClassPathScanningCandidateComponentProvider.scanCandidateComponents(ClassPathScanningCandidateComponentProvider.java:440) - Identified candidate component class: file [D:\atguiguProject\spring6-ioc-annotation\target\classes\com\atguigu\spring6\autowired\dao\UserDaoImpl.class]
[2023-05-25 11:36:30:722] [DEBUG] - org.springframework.context.annotation.ClassPathScanningCandidateComponentProvider.scanCandidateComponents(ClassPathScanningCandidateComponentProvider.java:440) - Identified candidate component class: file [D:\atguiguProject\spring6-ioc-annotation\target\classes\com\atguigu\spring6\autowired\dao\UserRedisDaoImpl.class]
[2023-05-25 11:36:30:730] [DEBUG] - org.springframework.context.annotation.ClassPathScanningCandidateComponentProvider.scanCandidateComponents(ClassPathScanningCandidateComponentProvider.java:440) - Identified candidate component class: file [D:\atguiguProject\spring6-ioc-annotation\target\classes\com\atguigu\spring6\autowired\service\UserServiceImpl.class]
[2023-05-25 11:36:30:732] [DEBUG] - org.springframework.context.annotation.ClassPathScanningCandidateComponentProvider.scanCandidateComponents(ClassPathScanningCandidateComponentProvider.java:440) - Identified candidate component class: file [D:\atguiguProject\spring6-ioc-annotation\target\classes\com\atguigu\spring6\bean\User.class]
[2023-05-25 11:36:30:748] [DEBUG] - org.springframework.beans.factory.xml.XmlBeanDefinitionReader.doLoadBeanDefinitions(XmlBeanDefinitionReader.java:393) - Loaded 9 bean definitions from class path resource [bean.xml]
[2023-05-25 11:36:30:761] [DEBUG] - org.springframework.beans.factory.support.DefaultSingletonBeanRegistry.getSingleton(DefaultSingletonBeanRegistry.java:225) - Creating shared instance of singleton bean 'org.springframework.context.annotation.internalConfigurationAnnotationProcessor'
[2023-05-25 11:36:30:787] [DEBUG] - org.springframework.beans.factory.support.DefaultSingletonBeanRegistry.getSingleton(DefaultSingletonBeanRegistry.java:225) - Creating shared instance of singleton bean 'org.springframework.context.event.internalEventListenerProcessor'
[2023-05-25 11:36:30:789] [DEBUG] - org.springframework.beans.factory.support.DefaultSingletonBeanRegistry.getSingleton(DefaultSingletonBeanRegistry.java:225) - Creating shared instance of singleton bean 'org.springframework.context.event.internalEventListenerFactory'
[2023-05-25 11:36:30:790] [DEBUG] - org.springframework.beans.factory.support.DefaultSingletonBeanRegistry.getSingleton(DefaultSingletonBeanRegistry.java:225) - Creating shared instance of singleton bean 'org.springframework.context.annotation.internalAutowiredAnnotationProcessor'
[2023-05-25 11:36:30:794] [DEBUG] - org.springframework.beans.factory.support.DefaultSingletonBeanRegistry.getSingleton(DefaultSingletonBeanRegistry.java:225) - Creating shared instance of singleton bean 'userController'
[2023-05-25 11:36:30:799] [WARN] - org.springframework.core.LocalVariableTableParameterNameDiscoverer.inspectClass(LocalVariableTableParameterNameDiscoverer.java:123) - Using deprecated '-debug' fallback for parameter name resolution. Compile the affected code with '-parameters' instead or avoid its introspection: com.atguigu.spring6.autowired.controller.UserController
[2023-05-25 11:36:30:804] [DEBUG] - org.springframework.beans.factory.support.DefaultSingletonBeanRegistry.getSingleton(DefaultSingletonBeanRegistry.java:225) - Creating shared instance of singleton bean 'userServiceImpl'
[2023-05-25 11:36:30:819] [DEBUG] - org.springframework.beans.factory.support.DefaultSingletonBeanRegistry.getSingleton(DefaultSingletonBeanRegistry.java:225) - Creating shared instance of singleton bean 'userRedisDaoImpl'
[2023-05-25 11:36:30:821] [DEBUG] - org.springframework.beans.factory.support.ConstructorResolver.createArgumentArray(ConstructorResolver.java:801) - Autowiring by type from bean name 'userController' via constructor to bean named 'userServiceImpl'
[2023-05-25 11:36:30:822] [DEBUG] - org.springframework.beans.factory.support.DefaultSingletonBeanRegistry.getSingleton(DefaultSingletonBeanRegistry.java:225) - Creating shared instance of singleton bean 'userDaoImpl'
[2023-05-25 11:36:30:823] [DEBUG] - org.springframework.beans.factory.support.DefaultSingletonBeanRegistry.getSingleton(DefaultSingletonBeanRegistry.java:225) - Creating shared instance of singleton bean 'user'
[2023-05-25 11:37:25:636] [DEBUG] - org.springframework.context.support.AbstractApplicationContext.prepareRefresh(AbstractApplicationContext.java:630) - Refreshing org.springframework.context.support.ClassPathXmlApplicationContext@4982cc36
[2023-05-25 11:37:25:797] [DEBUG] - org.springframework.context.annotation.ClassPathScanningCandidateComponentProvider.scanCandidateComponents(ClassPathScanningCandidateComponentProvider.java:440) - Identified candidate component class: file [D:\atguiguProject\spring6-ioc-annotation\target\classes\com\atguigu\spring6\autowired\controller\UserController.class]
[2023-05-25 11:37:25:799] [DEBUG] - org.springframework.context.annotation.ClassPathScanningCandidateComponentProvider.scanCandidateComponents(ClassPathScanningCandidateComponentProvider.java:440) - Identified candidate component class: file [D:\atguiguProject\spring6-ioc-annotation\target\classes\com\atguigu\spring6\autowired\dao\UserDaoImpl.class]
[2023-05-25 11:37:25:800] [DEBUG] - org.springframework.context.annotation.ClassPathScanningCandidateComponentProvider.scanCandidateComponents(ClassPathScanningCandidateComponentProvider.java:440) - Identified candidate component class: file [D:\atguiguProject\spring6-ioc-annotation\target\classes\com\atguigu\spring6\autowired\dao\UserRedisDaoImpl.class]
[2023-05-25 11:37:25:801] [DEBUG] - org.springframework.context.annotation.ClassPathScanningCandidateComponentProvider.scanCandidateComponents(ClassPathScanningCandidateComponentProvider.java:440) - Identified candidate component class: file [D:\atguiguProject\spring6-ioc-annotation\target\classes\com\atguigu\spring6\autowired\service\UserServiceImpl.class]
[2023-05-25 11:37:25:803] [DEBUG] - org.springframework.context.annotation.ClassPathScanningCandidateComponentProvider.scanCandidateComponents(ClassPathScanningCandidateComponentProvider.java:440) - Identified candidate component class: file [D:\atguiguProject\spring6-ioc-annotation\target\classes\com\atguigu\spring6\bean\User.class]
[2023-05-25 11:37:25:819] [DEBUG] - org.springframework.beans.factory.xml.XmlBeanDefinitionReader.doLoadBeanDefinitions(XmlBeanDefinitionReader.java:393) - Loaded 9 bean definitions from class path resource [bean.xml]
[2023-05-25 11:37:25:833] [DEBUG] - org.springframework.beans.factory.support.DefaultSingletonBeanRegistry.getSingleton(DefaultSingletonBeanRegistry.java:225) - Creating shared instance of singleton bean 'org.springframework.context.annotation.internalConfigurationAnnotationProcessor'
[2023-05-25 11:37:25:857] [DEBUG] - org.springframework.beans.factory.support.DefaultSingletonBeanRegistry.getSingleton(DefaultSingletonBeanRegistry.java:225) - Creating shared instance of singleton bean 'org.springframework.context.event.internalEventListenerProcessor'
[2023-05-25 11:37:25:858] [DEBUG] - org.springframework.beans.factory.support.DefaultSingletonBeanRegistry.getSingleton(DefaultSingletonBeanRegistry.java:225) - Creating shared instance of singleton bean 'org.springframework.context.event.internalEventListenerFactory'
[2023-05-25 11:37:25:860] [DEBUG] - org.springframework.beans.factory.support.DefaultSingletonBeanRegistry.getSingleton(DefaultSingletonBeanRegistry.java:225) - Creating shared instance of singleton bean 'org.springframework.context.annotation.internalAutowiredAnnotationProcessor'
[2023-05-25 11:37:25:865] [DEBUG] - org.springframework.beans.factory.support.DefaultSingletonBeanRegistry.getSingleton(DefaultSingletonBeanRegistry.java:225) - Creating shared instance of singleton bean 'userController'
[2023-05-25 11:37:25:874] [DEBUG] - org.springframework.beans.factory.support.DefaultSingletonBeanRegistry.getSingleton(DefaultSingletonBeanRegistry.java:225) - Creating shared instance of singleton bean 'userServiceImpl'
[2023-05-25 11:37:25:878] [DEBUG] - org.springframework.beans.factory.support.DefaultSingletonBeanRegistry.getSingleton(DefaultSingletonBeanRegistry.java:225) - Creating shared instance of singleton bean 'userRedisDaoImpl'
[2023-05-25 11:37:25:879] [DEBUG] - org.springframework.beans.factory.support.DefaultSingletonBeanRegistry.getSingleton(DefaultSingletonBeanRegistry.java:225) - Creating shared instance of singleton bean 'userDaoImpl'
[2023-05-25 11:37:25:880] [DEBUG] - org.springframework.beans.factory.support.DefaultSingletonBeanRegistry.getSingleton(DefaultSingletonBeanRegistry.java:225) - Creating shared instance of singleton bean 'user'
[2023-05-25 11:49:13:353] [DEBUG] - org.springframework.context.support.AbstractApplicationContext.prepareRefresh(AbstractApplicationContext.java:630) - Refreshing org.springframework.context.support.ClassPathXmlApplicationContext@4f1bfe23
[2023-05-25 11:49:13:510] [DEBUG] - org.springframework.context.annotation.ClassPathScanningCandidateComponentProvider.scanCandidateComponents(ClassPathScanningCandidateComponentProvider.java:440) - Identified candidate component class: file [D:\atguiguProject\spring6-ioc-annotation\target\classes\com\atguigu\spring6\autowired\controller\UserController.class]
[2023-05-25 11:49:13:513] [DEBUG] - org.springframework.context.annotation.ClassPathScanningCandidateComponentProvider.scanCandidateComponents(ClassPathScanningCandidateComponentProvider.java:440) - Identified candidate component class: file [D:\atguiguProject\spring6-ioc-annotation\target\classes\com\atguigu\spring6\autowired\dao\UserDaoImpl.class]
[2023-05-25 11:49:13:514] [DEBUG] - org.springframework.context.annotation.ClassPathScanningCandidateComponentProvider.scanCandidateComponents(ClassPathScanningCandidateComponentProvider.java:440) - Identified candidate component class: file [D:\atguiguProject\spring6-ioc-annotation\target\classes\com\atguigu\spring6\autowired\dao\UserRedisDaoImpl.class]
[2023-05-25 11:49:13:520] [DEBUG] - org.springframework.context.annotation.ClassPathScanningCandidateComponentProvider.scanCandidateComponents(ClassPathScanningCandidateComponentProvider.java:440) - Identified candidate component class: file [D:\atguiguProject\spring6-ioc-annotation\target\classes\com\atguigu\spring6\autowired\service\UserServiceImpl.class]
[2023-05-25 11:49:13:534] [DEBUG] - org.springframework.context.annotation.ClassPathScanningCandidateComponentProvider.scanCandidateComponents(ClassPathScanningCandidateComponentProvider.java:440) - Identified candidate component class: file [D:\atguiguProject\spring6-ioc-annotation\target\classes\com\atguigu\spring6\bean\User.class]
[2023-05-25 11:49:13:541] [DEBUG] - org.springframework.context.annotation.ClassPathScanningCandidateComponentProvider.scanCandidateComponents(ClassPathScanningCandidateComponentProvider.java:440) - Identified candidate component class: file [D:\atguiguProject\spring6-ioc-annotation\target\classes\com\atguigu\spring6\resource\controller\UserController.class]
[2023-05-25 11:49:13:555] [DEBUG] - org.springframework.context.annotation.ClassPathScanningCandidateComponentProvider.scanCandidateComponents(ClassPathScanningCandidateComponentProvider.java:440) - Identified candidate component class: file [D:\atguiguProject\spring6-ioc-annotation\target\classes\com\atguigu\spring6\resource\dao\UserDaoImpl.class]
[2023-05-25 11:49:13:563] [DEBUG] - org.springframework.context.annotation.ClassPathScanningCandidateComponentProvider.scanCandidateComponents(ClassPathScanningCandidateComponentProvider.java:440) - Identified candidate component class: file [D:\atguiguProject\spring6-ioc-annotation\target\classes\com\atguigu\spring6\resource\dao\UserRedisDaoImpl.class]
[2023-05-25 11:49:13:575] [DEBUG] - org.springframework.context.annotation.ClassPathScanningCandidateComponentProvider.scanCandidateComponents(ClassPathScanningCandidateComponentProvider.java:440) - Identified candidate component class: file [D:\atguiguProject\spring6-ioc-annotation\target\classes\com\atguigu\spring6\resource\service\UserServiceImpl.class]
[2023-05-25 11:54:13:072] [DEBUG] - org.springframework.context.support.AbstractApplicationContext.prepareRefresh(AbstractApplicationContext.java:630) - Refreshing org.springframework.context.support.ClassPathXmlApplicationContext@4f1bfe23
[2023-05-25 11:54:13:221] [DEBUG] - org.springframework.context.annotation.ClassPathScanningCandidateComponentProvider.scanCandidateComponents(ClassPathScanningCandidateComponentProvider.java:440) - Identified candidate component class: file [D:\atguiguProject\spring6-ioc-annotation\target\classes\com\atguigu\spring6\autowired\controller\UserController.class]
[2023-05-25 11:54:13:223] [DEBUG] - org.springframework.context.annotation.ClassPathScanningCandidateComponentProvider.scanCandidateComponents(ClassPathScanningCandidateComponentProvider.java:440) - Identified candidate component class: file [D:\atguiguProject\spring6-ioc-annotation\target\classes\com\atguigu\spring6\autowired\dao\UserDaoImpl.class]
[2023-05-25 11:54:13:224] [DEBUG] - org.springframework.context.annotation.ClassPathScanningCandidateComponentProvider.scanCandidateComponents(ClassPathScanningCandidateComponentProvider.java:440) - Identified candidate component class: file [D:\atguiguProject\spring6-ioc-annotation\target\classes\com\atguigu\spring6\autowired\dao\UserRedisDaoImpl.class]
[2023-05-25 11:54:13:224] [DEBUG] - org.springframework.context.annotation.ClassPathScanningCandidateComponentProvider.scanCandidateComponents(ClassPathScanningCandidateComponentProvider.java:440) - Identified candidate component class: file [D:\atguiguProject\spring6-ioc-annotation\target\classes\com\atguigu\spring6\autowired\service\UserServiceImpl.class]
[2023-05-25 11:54:13:225] [DEBUG] - org.springframework.context.annotation.ClassPathScanningCandidateComponentProvider.scanCandidateComponents(ClassPathScanningCandidateComponentProvider.java:440) - Identified candidate component class: file [D:\atguiguProject\spring6-ioc-annotation\target\classes\com\atguigu\spring6\bean\User.class]
[2023-05-25 11:54:13:233] [DEBUG] - org.springframework.context.annotation.ClassPathScanningCandidateComponentProvider.scanCandidateComponents(ClassPathScanningCandidateComponentProvider.java:440) - Identified candidate component class: file [D:\atguiguProject\spring6-ioc-annotation\target\classes\com\atguigu\spring6\resource\controller\UserController.class]
[2023-05-25 11:54:13:234] [DEBUG] - org.springframework.context.annotation.ClassPathScanningCandidateComponentProvider.scanCandidateComponents(ClassPathScanningCandidateComponentProvider.java:440) - Identified candidate component class: file [D:\atguiguProject\spring6-ioc-annotation\target\classes\com\atguigu\spring6\resource\dao\UserDaoImpl.class]
[2023-05-25 11:54:13:240] [DEBUG] - org.springframework.context.annotation.ClassPathScanningCandidateComponentProvider.scanCandidateComponents(ClassPathScanningCandidateComponentProvider.java:440) - Identified candidate component class: file [D:\atguiguProject\spring6-ioc-annotation\target\classes\com\atguigu\spring6\resource\dao\UserRedisDaoImpl.class]
[2023-05-25 11:54:13:246] [DEBUG] - org.springframework.context.annotation.ClassPathScanningCandidateComponentProvider.scanCandidateComponents(ClassPathScanningCandidateComponentProvider.java:440) - Identified candidate component class: file [D:\atguiguProject\spring6-ioc-annotation\target\classes\com\atguigu\spring6\resource\service\UserServiceImpl.class]
[2023-05-25 11:54:13:262] [DEBUG] - org.springframework.beans.factory.xml.XmlBeanDefinitionReader.doLoadBeanDefinitions(XmlBeanDefinitionReader.java:393) - Loaded 14 bean definitions from class path resource [bean.xml]
[2023-05-25 11:54:13:275] [DEBUG] - org.springframework.beans.factory.support.DefaultSingletonBeanRegistry.getSingleton(DefaultSingletonBeanRegistry.java:225) - Creating shared instance of singleton bean 'org.springframework.context.annotation.internalConfigurationAnnotationProcessor'
[2023-05-25 11:54:13:299] [DEBUG] - org.springframework.beans.factory.support.DefaultSingletonBeanRegistry.getSingleton(DefaultSingletonBeanRegistry.java:225) - Creating shared instance of singleton bean 'org.springframework.context.event.internalEventListenerProcessor'
[2023-05-25 11:54:13:301] [DEBUG] - org.springframework.beans.factory.support.DefaultSingletonBeanRegistry.getSingleton(DefaultSingletonBeanRegistry.java:225) - Creating shared instance of singleton bean 'org.springframework.context.event.internalEventListenerFactory'
[2023-05-25 11:54:13:302] [DEBUG] - org.springframework.beans.factory.support.DefaultSingletonBeanRegistry.getSingleton(DefaultSingletonBeanRegistry.java:225) - Creating shared instance of singleton bean 'org.springframework.context.annotation.internalAutowiredAnnotationProcessor'
[2023-05-25 11:54:13:303] [DEBUG] - org.springframework.beans.factory.support.DefaultSingletonBeanRegistry.getSingleton(DefaultSingletonBeanRegistry.java:225) - Creating shared instance of singleton bean 'org.springframework.context.annotation.internalCommonAnnotationProcessor'
[2023-05-25 11:54:13:309] [DEBUG] - org.springframework.beans.factory.support.DefaultSingletonBeanRegistry.getSingleton(DefaultSingletonBeanRegistry.java:225) - Creating shared instance of singleton bean 'userController'
[2023-05-25 11:54:13:318] [DEBUG] - org.springframework.beans.factory.support.DefaultSingletonBeanRegistry.getSingleton(DefaultSingletonBeanRegistry.java:225) - Creating shared instance of singleton bean 'userServiceImpl'
[2023-05-25 11:54:13:323] [DEBUG] - org.springframework.beans.factory.support.DefaultSingletonBeanRegistry.getSingleton(DefaultSingletonBeanRegistry.java:225) - Creating shared instance of singleton bean 'userRedisDaoImpl'
[2023-05-25 11:54:13:324] [DEBUG] - org.springframework.beans.factory.support.DefaultSingletonBeanRegistry.getSingleton(DefaultSingletonBeanRegistry.java:225) - Creating shared instance of singleton bean 'userDaoImpl'
[2023-05-25 11:54:13:325] [DEBUG] - org.springframework.beans.factory.support.DefaultSingletonBeanRegistry.getSingleton(DefaultSingletonBeanRegistry.java:225) - Creating shared instance of singleton bean 'user'
[2023-05-25 11:54:13:325] [DEBUG] - org.springframework.beans.factory.support.DefaultSingletonBeanRegistry.getSingleton(DefaultSingletonBeanRegistry.java:225) - Creating shared instance of singleton bean 'myUserController'
[2023-05-25 11:54:13:327] [DEBUG] - org.springframework.beans.factory.support.DefaultSingletonBeanRegistry.getSingleton(DefaultSingletonBeanRegistry.java:225) - Creating shared instance of singleton bean 'myUserService'
[2023-05-25 11:54:13:328] [DEBUG] - org.springframework.beans.factory.support.DefaultSingletonBeanRegistry.getSingleton(DefaultSingletonBeanRegistry.java:225) - Creating shared instance of singleton bean 'myUserDao'
[2023-05-25 11:54:13:329] [DEBUG] - org.springframework.beans.factory.support.DefaultSingletonBeanRegistry.getSingleton(DefaultSingletonBeanRegistry.java:225) - Creating shared instance of singleton bean 'myUserRedisDao'
[2023-05-25 11:59:16:536] [DEBUG] - org.springframework.context.support.AbstractApplicationContext.prepareRefresh(AbstractApplicationContext.java:630) - Refreshing org.springframework.context.support.ClassPathXmlApplicationContext@4f1bfe23
[2023-05-25 11:59:16:700] [DEBUG] - org.springframework.context.annotation.ClassPathScanningCandidateComponentProvider.scanCandidateComponents(ClassPathScanningCandidateComponentProvider.java:440) - Identified candidate component class: file [D:\atguiguProject\spring6-ioc-annotation\target\classes\com\atguigu\spring6\autowired\controller\UserController.class]
[2023-05-25 11:59:16:703] [DEBUG] - org.springframework.context.annotation.ClassPathScanningCandidateComponentProvider.scanCandidateComponents(ClassPathScanningCandidateComponentProvider.java:440) - Identified candidate component class: file [D:\atguiguProject\spring6-ioc-annotation\target\classes\com\atguigu\spring6\autowired\dao\UserDaoImpl.class]
[2023-05-25 11:59:16:704] [DEBUG] - org.springframework.context.annotation.ClassPathScanningCandidateComponentProvider.scanCandidateComponents(ClassPathScanningCandidateComponentProvider.java:440) - Identified candidate component class: file [D:\atguiguProject\spring6-ioc-annotation\target\classes\com\atguigu\spring6\autowired\dao\UserRedisDaoImpl.class]
[2023-05-25 11:59:16:704] [DEBUG] - org.springframework.context.annotation.ClassPathScanningCandidateComponentProvider.scanCandidateComponents(ClassPathScanningCandidateComponentProvider.java:440) - Identified candidate component class: file [D:\atguiguProject\spring6-ioc-annotation\target\classes\com\atguigu\spring6\autowired\service\UserServiceImpl.class]
[2023-05-25 11:59:16:706] [DEBUG] - org.springframework.context.annotation.ClassPathScanningCandidateComponentProvider.scanCandidateComponents(ClassPathScanningCandidateComponentProvider.java:440) - Identified candidate component class: file [D:\atguiguProject\spring6-ioc-annotation\target\classes\com\atguigu\spring6\bean\User.class]
[2023-05-25 11:59:16:715] [DEBUG] - org.springframework.context.annotation.ClassPathScanningCandidateComponentProvider.scanCandidateComponents(ClassPathScanningCandidateComponentProvider.java:440) - Identified candidate component class: file [D:\atguiguProject\spring6-ioc-annotation\target\classes\com\atguigu\spring6\resource\controller\UserController.class]
[2023-05-25 11:59:16:717] [DEBUG] - org.springframework.context.annotation.ClassPathScanningCandidateComponentProvider.scanCandidateComponents(ClassPathScanningCandidateComponentProvider.java:440) - Identified candidate component class: file [D:\atguiguProject\spring6-ioc-annotation\target\classes\com\atguigu\spring6\resource\dao\UserDaoImpl.class]
[2023-05-25 11:59:16:717] [DEBUG] - org.springframework.context.annotation.ClassPathScanningCandidateComponentProvider.scanCandidateComponents(ClassPathScanningCandidateComponentProvider.java:440) - Identified candidate component class: file [D:\atguiguProject\spring6-ioc-annotation\target\classes\com\atguigu\spring6\resource\dao\UserRedisDaoImpl.class]
[2023-05-25 11:59:16:724] [DEBUG] - org.springframework.context.annotation.ClassPathScanningCandidateComponentProvider.scanCandidateComponents(ClassPathScanningCandidateComponentProvider.java:440) - Identified candidate component class: file [D:\atguiguProject\spring6-ioc-annotation\target\classes\com\atguigu\spring6\resource\service\UserServiceImpl.class]
[2023-05-25 11:59:16:741] [DEBUG] - org.springframework.beans.factory.xml.XmlBeanDefinitionReader.doLoadBeanDefinitions(XmlBeanDefinitionReader.java:393) - Loaded 14 bean definitions from class path resource [bean.xml]
[2023-05-25 11:59:16:758] [DEBUG] - org.springframework.beans.factory.support.DefaultSingletonBeanRegistry.getSingleton(DefaultSingletonBeanRegistry.java:225) - Creating shared instance of singleton bean 'org.springframework.context.annotation.internalConfigurationAnnotationProcessor'
[2023-05-25 11:59:16:786] [DEBUG] - org.springframework.beans.factory.support.DefaultSingletonBeanRegistry.getSingleton(DefaultSingletonBeanRegistry.java:225) - Creating shared instance of singleton bean 'org.springframework.context.event.internalEventListenerProcessor'
[2023-05-25 11:59:16:789] [DEBUG] - org.springframework.beans.factory.support.DefaultSingletonBeanRegistry.getSingleton(DefaultSingletonBeanRegistry.java:225) - Creating shared instance of singleton bean 'org.springframework.context.event.internalEventListenerFactory'
[2023-05-25 11:59:16:790] [DEBUG] - org.springframework.beans.factory.support.DefaultSingletonBeanRegistry.getSingleton(DefaultSingletonBeanRegistry.java:225) - Creating shared instance of singleton bean 'org.springframework.context.annotation.internalAutowiredAnnotationProcessor'
[2023-05-25 11:59:16:791] [DEBUG] - org.springframework.beans.factory.support.DefaultSingletonBeanRegistry.getSingleton(DefaultSingletonBeanRegistry.java:225) - Creating shared instance of singleton bean 'org.springframework.context.annotation.internalCommonAnnotationProcessor'
[2023-05-25 11:59:16:798] [DEBUG] - org.springframework.beans.factory.support.DefaultSingletonBeanRegistry.getSingleton(DefaultSingletonBeanRegistry.java:225) - Creating shared instance of singleton bean 'userController'
[2023-05-25 11:59:16:810] [DEBUG] - org.springframework.beans.factory.support.DefaultSingletonBeanRegistry.getSingleton(DefaultSingletonBeanRegistry.java:225) - Creating shared instance of singleton bean 'userServiceImpl'
[2023-05-25 11:59:16:815] [DEBUG] - org.springframework.beans.factory.support.DefaultSingletonBeanRegistry.getSingleton(DefaultSingletonBeanRegistry.java:225) - Creating shared instance of singleton bean 'userRedisDaoImpl'
[2023-05-25 11:59:16:816] [DEBUG] - org.springframework.beans.factory.support.DefaultSingletonBeanRegistry.getSingleton(DefaultSingletonBeanRegistry.java:225) - Creating shared instance of singleton bean 'userDaoImpl'
[2023-05-25 11:59:16:817] [DEBUG] - org.springframework.beans.factory.support.DefaultSingletonBeanRegistry.getSingleton(DefaultSingletonBeanRegistry.java:225) - Creating shared instance of singleton bean 'user'
[2023-05-25 11:59:16:817] [DEBUG] - org.springframework.beans.factory.support.DefaultSingletonBeanRegistry.getSingleton(DefaultSingletonBeanRegistry.java:225) - Creating shared instance of singleton bean 'myUserController'
[2023-05-25 11:59:16:820] [DEBUG] - org.springframework.beans.factory.support.DefaultSingletonBeanRegistry.getSingleton(DefaultSingletonBeanRegistry.java:225) - Creating shared instance of singleton bean 'myUserService'
[2023-05-25 11:59:16:821] [DEBUG] - org.springframework.beans.factory.support.DefaultSingletonBeanRegistry.getSingleton(DefaultSingletonBeanRegistry.java:225) - Creating shared instance of singleton bean 'myUserDao'
[2023-05-25 11:59:16:821] [DEBUG] - org.springframework.beans.factory.support.DefaultSingletonBeanRegistry.getSingleton(DefaultSingletonBeanRegistry.java:225) - Creating shared instance of singleton bean 'myUserRedisDao'
[2023-05-25 12:05:47:493] [DEBUG] - org.springframework.context.support.AbstractApplicationContext.prepareRefresh(AbstractApplicationContext.java:630) - Refreshing org.springframework.context.annotation.AnnotationConfigApplicationContext@4982cc36
[2023-05-25 12:05:47:506] [DEBUG] - org.springframework.beans.factory.support.DefaultSingletonBeanRegistry.getSingleton(DefaultSingletonBeanRegistry.java:225) - Creating shared instance of singleton bean 'org.springframework.context.annotation.internalConfigurationAnnotationProcessor'
[2023-05-25 12:05:47:547] [DEBUG] - org.springframework.context.annotation.ClassPathScanningCandidateComponentProvider.scanCandidateComponents(ClassPathScanningCandidateComponentProvider.java:440) - Identified candidate component class: file [D:\atguiguProject\spring6-ioc-annotation\target\classes\com\atguigu\spring6\autowired\controller\UserController.class]
[2023-05-25 12:05:47:548] [DEBUG] - org.springframework.context.annotation.ClassPathScanningCandidateComponentProvider.scanCandidateComponents(ClassPathScanningCandidateComponentProvider.java:440) - Identified candidate component class: file [D:\atguiguProject\spring6-ioc-annotation\target\classes\com\atguigu\spring6\autowired\dao\UserDaoImpl.class]
[2023-05-25 12:05:47:549] [DEBUG] - org.springframework.context.annotation.ClassPathScanningCandidateComponentProvider.scanCandidateComponents(ClassPathScanningCandidateComponentProvider.java:440) - Identified candidate component class: file [D:\atguiguProject\spring6-ioc-annotation\target\classes\com\atguigu\spring6\autowired\dao\UserRedisDaoImpl.class]
[2023-05-25 12:05:47:550] [DEBUG] - org.springframework.context.annotation.ClassPathScanningCandidateComponentProvider.scanCandidateComponents(ClassPathScanningCandidateComponentProvider.java:440) - Identified candidate component class: file [D:\atguiguProject\spring6-ioc-annotation\target\classes\com\atguigu\spring6\autowired\service\UserServiceImpl.class]
[2023-05-25 12:05:47:551] [DEBUG] - org.springframework.context.annotation.ClassPathScanningCandidateComponentProvider.scanCandidateComponents(ClassPathScanningCandidateComponentProvider.java:440) - Identified candidate component class: file [D:\atguiguProject\spring6-ioc-annotation\target\classes\com\atguigu\spring6\bean\User.class]
[2023-05-25 12:05:47:552] [DEBUG] - org.springframework.context.annotation.ClassPathScanningCandidateComponentProvider.scanCandidateComponents(ClassPathScanningCandidateComponentProvider.java:440) - Identified candidate component class: file [D:\atguiguProject\spring6-ioc-annotation\target\classes\com\atguigu\spring6\resource\controller\UserController.class]
[2023-05-25 12:05:47:553] [DEBUG] - org.springframework.context.annotation.ClassPathScanningCandidateComponentProvider.scanCandidateComponents(ClassPathScanningCandidateComponentProvider.java:440) - Identified candidate component class: file [D:\atguiguProject\spring6-ioc-annotation\target\classes\com\atguigu\spring6\resource\dao\UserDaoImpl.class]
[2023-05-25 12:05:47:554] [DEBUG] - org.springframework.context.annotation.ClassPathScanningCandidateComponentProvider.scanCandidateComponents(ClassPathScanningCandidateComponentProvider.java:440) - Identified candidate component class: file [D:\atguiguProject\spring6-ioc-annotation\target\classes\com\atguigu\spring6\resource\dao\UserRedisDaoImpl.class]
[2023-05-25 12:05:47:554] [DEBUG] - org.springframework.context.annotation.ClassPathScanningCandidateComponentProvider.scanCandidateComponents(ClassPathScanningCandidateComponentProvider.java:440) - Identified candidate component class: file [D:\atguiguProject\spring6-ioc-annotation\target\classes\com\atguigu\spring6\resource\service\UserServiceImpl.class]
[2023-05-25 12:05:47:627] [DEBUG] - org.springframework.beans.factory.support.DefaultSingletonBeanRegistry.getSingleton(DefaultSingletonBeanRegistry.java:225) - Creating shared instance of singleton bean 'org.springframework.context.event.internalEventListenerProcessor'
[2023-05-25 12:05:47:630] [DEBUG] - org.springframework.beans.factory.support.DefaultSingletonBeanRegistry.getSingleton(DefaultSingletonBeanRegistry.java:225) - Creating shared instance of singleton bean 'org.springframework.context.event.internalEventListenerFactory'
[2023-05-25 12:05:47:632] [DEBUG] - org.springframework.beans.factory.support.DefaultSingletonBeanRegistry.getSingleton(DefaultSingletonBeanRegistry.java:225) - Creating shared instance of singleton bean 'org.springframework.context.annotation.internalAutowiredAnnotationProcessor'
[2023-05-25 12:05:47:633] [DEBUG] - org.springframework.beans.factory.support.DefaultSingletonBeanRegistry.getSingleton(DefaultSingletonBeanRegistry.java:225) - Creating shared instance of singleton bean 'org.springframework.context.annotation.internalCommonAnnotationProcessor'
[2023-05-25 12:05:47:638] [DEBUG] - org.springframework.beans.factory.support.DefaultSingletonBeanRegistry.getSingleton(DefaultSingletonBeanRegistry.java:225) - Creating shared instance of singleton bean 'springConfig'
[2023-05-25 12:05:47:641] [DEBUG] - org.springframework.beans.factory.support.DefaultSingletonBeanRegistry.getSingleton(DefaultSingletonBeanRegistry.java:225) - Creating shared instance of singleton bean 'userController'
[2023-05-25 12:05:47:647] [DEBUG] - org.springframework.beans.factory.support.DefaultSingletonBeanRegistry.getSingleton(DefaultSingletonBeanRegistry.java:225) - Creating shared instance of singleton bean 'userServiceImpl'
[2023-05-25 12:05:47:651] [DEBUG] - org.springframework.beans.factory.support.DefaultSingletonBeanRegistry.getSingleton(DefaultSingletonBeanRegistry.java:225) - Creating shared instance of singleton bean 'userRedisDaoImpl'
[2023-05-25 12:05:47:653] [DEBUG] - org.springframework.beans.factory.support.DefaultSingletonBeanRegistry.getSingleton(DefaultSingletonBeanRegistry.java:225) - Creating shared instance of singleton bean 'userDaoImpl'
[2023-05-25 12:05:47:653] [DEBUG] - org.springframework.beans.factory.support.DefaultSingletonBeanRegistry.getSingleton(DefaultSingletonBeanRegistry.java:225) - Creating shared instance of singleton bean 'user'
[2023-05-25 12:05:47:653] [DEBUG] - org.springframework.beans.factory.support.DefaultSingletonBeanRegistry.getSingleton(DefaultSingletonBeanRegistry.java:225) - Creating shared instance of singleton bean 'myUserController'
[2023-05-25 12:05:47:656] [DEBUG] - org.springframework.beans.factory.support.DefaultSingletonBeanRegistry.getSingleton(DefaultSingletonBeanRegistry.java:225) - Creating shared instance of singleton bean 'myUserService'
[2023-05-25 12:05:47:657] [DEBUG] - org.springframework.beans.factory.support.DefaultSingletonBeanRegistry.getSingleton(DefaultSingletonBeanRegistry.java:225) - Creating shared instance of singleton bean 'myUserDao'
[2023-05-25 12:05:47:657] [DEBUG] - org.springframework.beans.factory.support.DefaultSingletonBeanRegistry.getSingleton(DefaultSingletonBeanRegistry.java:225) - Creating shared instance of singleton bean 'myUserRedisDao'
